2018-12-04 14:39:23 [scrapy.utils.log] INFO: Scrapy 1.5.1 started (bot: ingatlan)
2018-12-04 14:39:23 [scrapy.utils.log] INFO: Versions: lxml 4.2.5.0, libxml2 2.9.8, cssselect 1.0.3, parsel 1.5.1, w3lib 1.19.0, Twisted 18.9.0, Python 2.7.10 (default, Oct  6 2017, 22:29:07) - [GCC 4.2.1 Compatible Apple LLVM 9.0.0 (clang-900.0.31)], pyOpenSSL 18.0.0 (OpenSSL 1.1.0j  20 Nov 2018), cryptography 2.4.2, Platform Darwin-17.7.0-x86_64-i386-64bit
2018-12-04 14:39:23 [scrapy.crawler] INFO: Overridden settings: {'NEWSPIDER_MODULE': 'spiders', 'ROBOTSTXT_OBEY': True, 'SPIDER_LOADER_WARN_ONLY': True, 'SPIDER_MODULES': ['spiders'], 'BOT_NAME': 'ingatlan', 'COOKIES_ENABLED': False, 'USER_AGENT': 'Mozilla/5.0 (Windows NT 10.0; Win64; x64) AppleWebKit/537.36 (KHTML, like Gecko) Chrome/58.0.3029.110 Safari/537.36', 'LOG_FILE': 'scrapy.log', 'DOWNLOAD_DELAY': 3}
2018-12-04 14:39:23 [scrapy.middleware] INFO: Enabled extensions:
['scrapy.extensions.memusage.MemoryUsage',
 'scrapy.extensions.logstats.LogStats',
 'scrapy.extensions.telnet.TelnetConsole',
 'scrapy.extensions.corestats.CoreStats']
2018-12-04 14:39:23 [scrapy.middleware] INFO: Enabled downloader middlewares:
['scrapy.downloadermiddlewares.robotstxt.RobotsTxtMiddleware',
 'scrapy.downloadermiddlewares.httpauth.HttpAuthMiddleware',
 'scrapy.downloadermiddlewares.downloadtimeout.DownloadTimeoutMiddleware',
 'scrapy.downloadermiddlewares.defaultheaders.DefaultHeadersMiddleware',
 'scrapy.downloadermiddlewares.useragent.UserAgentMiddleware',
 'scrapy.downloadermiddlewares.retry.RetryMiddleware',
 'scrapy.downloadermiddlewares.redirect.MetaRefreshMiddleware',
 'scrapy.downloadermiddlewares.httpcompression.HttpCompressionMiddleware',
 'scrapy.downloadermiddlewares.redirect.RedirectMiddleware',
 'scrapy.downloadermiddlewares.httpproxy.HttpProxyMiddleware',
 'scrapy.downloadermiddlewares.stats.DownloaderStats']
2018-12-04 14:39:23 [scrapy.middleware] INFO: Enabled spider middlewares:
['scrapy.spidermiddlewares.httperror.HttpErrorMiddleware',
 'scrapy.spidermiddlewares.offsite.OffsiteMiddleware',
 'scrapy.spidermiddlewares.referer.RefererMiddleware',
 'scrapy.spidermiddlewares.urllength.UrlLengthMiddleware',
 'scrapy.spidermiddlewares.depth.DepthMiddleware']
2018-12-04 14:39:23 [scrapy.middleware] INFO: Enabled item pipelines:
['pipelines.IngatlanPipeline']
2018-12-04 14:39:23 [scrapy.core.engine] INFO: Spider opened
2018-12-04 14:39:23 [scrapy.extensions.logstats] INFO: Crawled 0 pages (at 0 pages/min), scraped 0 items (at 0 items/min)
2018-12-04 14:39:23 [scrapy.extensions.telnet] DEBUG: Telnet console listening on 127.0.0.1:6023
2018-12-04 14:39:23 [scrapy.core.engine] DEBUG: Crawled (200) <GET https://ingatlan.com/robots.txt> (referer: None)
2018-12-04 14:39:27 [scrapy.core.engine] DEBUG: Crawled (200) <GET https://ingatlan.com/lista/elado+haz+xvii-ker> (referer: None)
2018-12-04 14:39:27 [root] INFO: WE ALREADY HAVE THAT INGATLAN:28148066
2018-12-04 14:39:27 [root] INFO: WE ALREADY HAVE THAT INGATLAN:26957659
2018-12-04 14:39:27 [root] INFO: WE ALREADY HAVE THAT INGATLAN:25930096
2018-12-04 14:39:27 [root] INFO: WE ALREADY HAVE THAT INGATLAN:28013861
2018-12-04 14:39:27 [root] INFO: WE ALREADY HAVE THAT INGATLAN:27253510
2018-12-04 14:39:27 [root] INFO: WE ALREADY HAVE THAT INGATLAN:27180707
2018-12-04 14:39:27 [root] INFO: WE ALREADY HAVE THAT INGATLAN:27155160
2018-12-04 14:39:27 [root] INFO: WE ALREADY HAVE THAT INGATLAN:27154992
2018-12-04 14:39:27 [root] INFO: WE ALREADY HAVE THAT INGATLAN:28139693
2018-12-04 14:39:27 [root] INFO: WE ALREADY HAVE THAT INGATLAN:27442185
2018-12-04 14:39:27 [root] INFO: WE ALREADY HAVE THAT INGATLAN:28191275
2018-12-04 14:39:27 [root] INFO: WE ALREADY HAVE THAT INGATLAN:27248251
2018-12-04 14:39:27 [root] INFO: WE ALREADY HAVE THAT INGATLAN:27667858
2018-12-04 14:39:27 [root] INFO: WE ALREADY HAVE THAT INGATLAN:28253405
2018-12-04 14:39:27 [root] INFO: WE ALREADY HAVE THAT INGATLAN:27524802
2018-12-04 14:39:27 [root] INFO: WE ALREADY HAVE THAT INGATLAN:28213166
2018-12-04 14:39:27 [root] INFO: WE ALREADY HAVE THAT INGATLAN:28210619
2018-12-04 14:39:27 [root] INFO: WE ALREADY HAVE THAT INGATLAN:28210550
2018-12-04 14:39:27 [root] INFO: WE ALREADY HAVE THAT INGATLAN:26725989
2018-12-04 14:39:27 [root] INFO: WE ALREADY HAVE THAT INGATLAN:27248200
2018-12-04 14:39:27 [root] INFO: NEXT PAGE:https://ingatlan.com/lista/elado+haz+xvii-ker?page=2
2018-12-04 14:39:30 [scrapy.core.engine] DEBUG: Crawled (200) <GET https://ingatlan.com/lista/elado+haz+xvii-ker?page=2> (referer: https://ingatlan.com/lista/elado+haz+xvii-ker)
2018-12-04 14:39:30 [root] INFO: WE ALREADY HAVE THAT INGATLAN:23878089
2018-12-04 14:39:30 [root] INFO: WE ALREADY HAVE THAT INGATLAN:27490584
2018-12-04 14:39:30 [root] INFO: WE ALREADY HAVE THAT INGATLAN:22399243
2018-12-04 14:39:30 [root] INFO: WE ALREADY HAVE THAT INGATLAN:28123943
2018-12-04 14:39:30 [root] INFO: ADDING NEW INGATLAN: 28157753
2018-12-04 14:39:30 [root] INFO: WE ALREADY HAVE THAT INGATLAN:28083794
2018-12-04 14:39:30 [root] INFO: WE ALREADY HAVE THAT INGATLAN:28005707
2018-12-04 14:39:30 [root] INFO: ADDING NEW INGATLAN: 28200389
2018-12-04 14:39:30 [root] INFO: ADDING NEW INGATLAN: 27692035
2018-12-04 14:39:30 [root] INFO: ADDING NEW INGATLAN: 27742700
2018-12-04 14:39:30 [root] INFO: ADDING NEW INGATLAN: 28103099
2018-12-04 14:39:30 [root] INFO: ADDING NEW INGATLAN: 28248101
2018-12-04 14:39:30 [root] INFO: ADDING NEW INGATLAN: 28058993
2018-12-04 14:39:30 [root] INFO: ADDING NEW INGATLAN: 28187696
2018-12-04 14:39:30 [root] INFO: ADDING NEW INGATLAN: 28187693
2018-12-04 14:39:31 [root] INFO: ADDING NEW INGATLAN: 28213478
2018-12-04 14:39:31 [root] INFO: ADDING NEW INGATLAN: 28239107
2018-12-04 14:39:31 [root] INFO: ADDING NEW INGATLAN: 28143116
2018-12-04 14:39:31 [root] INFO: ADDING NEW INGATLAN: 28048370
2018-12-04 14:39:31 [root] INFO: ADDING NEW INGATLAN: 28218950
2018-12-04 14:39:31 [root] INFO: NEXT PAGE:https://ingatlan.com/lista/elado+haz+xvii-ker?page=3
2018-12-04 14:39:32 [scrapy.core.engine] DEBUG: Crawled (200) <GET https://ingatlan.com/xvii-ker/elado+haz/csaladi-haz/budapest+17+kerulet+ii+utca/28157753> (referer: https://ingatlan.com/lista/elado+haz+xvii-ker?page=2)
2018-12-04 14:39:33 [scrapy.core.scraper] DEBUG: Scraped from <200 https://ingatlan.com/xvii-ker/elado+haz/csaladi-haz/budapest+17+kerulet+ii+utca/28157753>
{'akadalymentesitett': None,
 'alapterulet': 130,
 'belmagassag': None,
 'cim': u'Budapest 17. ker\xfclet\n(R\xe1kosliget), II. utca ',
 'emelet': None,
 'energia_tanusitvany': None,
 'epites_eve': u'1950-1980',
 'epites_tipus': u'csal\xe1di',
 'epulet_szintjei': None,
 'erkely': None,
 'furdo_es_wc': None,
 'futes': u'g\xe1z (cirko)',
 'hirdetes_tipus': u'Elad\xf3',
 'id': 28157753,
 'ingatlan_allapota': u'j\xf3 \xe1llapot\xfa',
 'ingatlan_tipus': u'h\xe1z',
 'kertkapcsolatos': None,
 'kilatas': None,
 'komfort': None,
 'legkondicionalo': None,
 'lift': None,
 'panelprogram': None,
 'parkolas': None,
 'parkolohely_ara': None,
 'rezsikoltseg': 50000,
 'szobak_egesz': 4,
 'szobak_fel': 0,
 'tajolas': None,
 'telekterulet': 650,
 'tetoter': None}
2018-12-04 14:39:36 [scrapy.core.engine] DEBUG: Crawled (200) <GET https://ingatlan.com/xvii-ker/elado+haz/sorhaz/budapest+17+kerulet/28200389> (referer: https://ingatlan.com/lista/elado+haz+xvii-ker?page=2)
2018-12-04 14:39:36 [scrapy.core.scraper] DEBUG: Scraped from <200 https://ingatlan.com/xvii-ker/elado+haz/sorhaz/budapest+17+kerulet/28200389>
{'akadalymentesitett': False,
 'alapterulet': 106,
 'belmagassag': None,
 'cim': u'Budapest 17. ker\xfclet\n(R\xe1koscsaba) ',
 'emelet': None,
 'energia_tanusitvany': None,
 'epites_eve': u'1981-2000',
 'epites_tipus': u'sorh\xe1z',
 'epulet_szintjei': 2,
 'erkely': None,
 'furdo_es_wc': u'k\xfcl\xf6n helyis\xe9gben',
 'futes': u'g\xe1z (cirko)',
 'hirdetes_tipus': u'Elad\xf3',
 'id': 28200389,
 'ingatlan_allapota': u'j\xf3 \xe1llapot\xfa',
 'ingatlan_tipus': u'sorh\xe1z',
 'kertkapcsolatos': None,
 'kilatas': None,
 'komfort': u'\xf6sszkomfortos',
 'legkondicionalo': False,
 'lift': None,
 'panelprogram': None,
 'parkolas': None,
 'parkolohely_ara': None,
 'rezsikoltseg': None,
 'szobak_egesz': 3,
 'szobak_fel': 0,
 'tajolas': None,
 'telekterulet': 150,
 'tetoter': None}
2018-12-04 14:39:39 [scrapy.core.engine] DEBUG: Crawled (200) <GET https://ingatlan.com/xvii-ker/elado+haz/csaladi-haz/budapest+17+kerulet+domaszek+utca/27742700> (referer: https://ingatlan.com/lista/elado+haz+xvii-ker?page=2)
2018-12-04 14:39:40 [scrapy.core.scraper] DEBUG: Scraped from <200 https://ingatlan.com/xvii-ker/elado+haz/csaladi-haz/budapest+17+kerulet+domaszek+utca/27742700>
{'akadalymentesitett': None,
 'alapterulet': 200,
 'belmagassag': None,
 'cim': u'Budapest 17. ker\xfclet\n(R\xe1koskereszt\xfar), Domasz\xe9k utca ',
 'emelet': None,
 'energia_tanusitvany': None,
 'epites_eve': None,
 'epites_tipus': u'csal\xe1di',
 'epulet_szintjei': 2,
 'erkely': None,
 'furdo_es_wc': u'k\xfcl\xf6n helyis\xe9gben',
 'futes': u'g\xe1z (cirko)',
 'hirdetes_tipus': u'Elad\xf3',
 'id': 27742700,
 'ingatlan_allapota': u'\xfajszer\u0171',
 'ingatlan_tipus': u'h\xe1z',
 'kertkapcsolatos': None,
 'kilatas': None,
 'komfort': u'duplakomfortos',
 'legkondicionalo': None,
 'lift': None,
 'panelprogram': None,
 'parkolas': None,
 'parkolohely_ara': None,
 'rezsikoltseg': None,
 'szobak_egesz': 6,
 'szobak_fel': 0,
 'tajolas': None,
 'telekterulet': 654,
 'tetoter': None}
2018-12-04 14:39:42 [scrapy.core.engine] DEBUG: Crawled (200) <GET https://ingatlan.com/xvii-ker/elado+haz/sorhaz/budapest+17+kerulet/27692035> (referer: https://ingatlan.com/lista/elado+haz+xvii-ker?page=2)
2018-12-04 14:39:43 [scrapy.core.scraper] DEBUG: Scraped from <200 https://ingatlan.com/xvii-ker/elado+haz/sorhaz/budapest+17+kerulet/27692035>
{'akadalymentesitett': None,
 'alapterulet': 85,
 'belmagassag': None,
 'cim': u'Budapest 17. ker\xfclet\n(R\xe1koscsaba) ',
 'emelet': None,
 'energia_tanusitvany': None,
 'epites_eve': u'2001-2010',
 'epites_tipus': u'sorh\xe1z',
 'epulet_szintjei': None,
 'erkely': None,
 'furdo_es_wc': None,
 'futes': u'g\xe1z (cirko)',
 'hirdetes_tipus': u'Elad\xf3',
 'id': 27692035,
 'ingatlan_allapota': u'fel\xfaj\xedtott',
 'ingatlan_tipus': u'sorh\xe1z',
 'kertkapcsolatos': None,
 'kilatas': None,
 'komfort': None,
 'legkondicionalo': None,
 'lift': None,
 'panelprogram': None,
 'parkolas': None,
 'parkolohely_ara': None,
 'rezsikoltseg': None,
 'szobak_egesz': 2,
 'szobak_fel': 2,
 'tajolas': None,
 'telekterulet': 53,
 'tetoter': None}
2018-12-04 14:39:46 [scrapy.core.engine] DEBUG: Crawled (200) <GET https://ingatlan.com/xvii-ker/elado+haz/ikerhaz/budapest+17+kerulet/28248101> (referer: https://ingatlan.com/lista/elado+haz+xvii-ker?page=2)
2018-12-04 14:39:46 [scrapy.core.scraper] DEBUG: Scraped from <200 https://ingatlan.com/xvii-ker/elado+haz/ikerhaz/budapest+17+kerulet/28248101>
{'akadalymentesitett': None,
 'alapterulet': 124,
 'belmagassag': None,
 'cim': u'Budapest 17. ker\xfclet\n(R\xe1koscsaba) ',
 'emelet': None,
 'energia_tanusitvany': None,
 'epites_eve': 2018,
 'epites_tipus': u'ikerh\xe1z',
 'epulet_szintjei': 2,
 'erkely': None,
 'furdo_es_wc': None,
 'futes': u'g\xe1z (cirko)',
 'hirdetes_tipus': u'Elad\xf3',
 'id': 28248101,
 'ingatlan_allapota': u'\xfajszer\u0171',
 'ingatlan_tipus': u'ikerh\xe1z',
 'kertkapcsolatos': None,
 'kilatas': None,
 'komfort': u'duplakomfortos',
 'legkondicionalo': None,
 'lift': None,
 'panelprogram': None,
 'parkolas': None,
 'parkolohely_ara': None,
 'rezsikoltseg': None,
 'szobak_egesz': 4,
 'szobak_fel': 1,
 'tajolas': None,
 'telekterulet': 680,
 'tetoter': None}
2018-12-04 14:39:50 [scrapy.core.engine] DEBUG: Crawled (200) <GET https://ingatlan.com/xvii-ker/elado+haz/csaladi-haz/budapest+17+kerulet/28103099> (referer: https://ingatlan.com/lista/elado+haz+xvii-ker?page=2)
2018-12-04 14:39:51 [scrapy.core.scraper] DEBUG: Scraped from <200 https://ingatlan.com/xvii-ker/elado+haz/csaladi-haz/budapest+17+kerulet/28103099>
{'akadalymentesitett': None,
 'alapterulet': 70,
 'belmagassag': None,
 'cim': u'Budapest 17. ker\xfclet\n(R\xe1koscsaba) ',
 'emelet': None,
 'energia_tanusitvany': None,
 'epites_eve': None,
 'epites_tipus': u'csal\xe1di',
 'epulet_szintjei': 1,
 'erkely': None,
 'furdo_es_wc': u'egy helyis\xe9gben',
 'futes': u'g\xe1z (konvektor)',
 'hirdetes_tipus': u'Elad\xf3',
 'id': 28103099,
 'ingatlan_allapota': u'fel\xfaj\xedtand\xf3',
 'ingatlan_tipus': u'h\xe1z',
 'kertkapcsolatos': None,
 'kilatas': None,
 'komfort': None,
 'legkondicionalo': None,
 'lift': None,
 'panelprogram': None,
 'parkolas': None,
 'parkolohely_ara': None,
 'rezsikoltseg': None,
 'szobak_egesz': 2,
 'szobak_fel': 0,
 'tajolas': None,
 'telekterulet': 385,
 'tetoter': None}
2018-12-04 14:39:55 [scrapy.core.engine] DEBUG: Crawled (200) <GET https://ingatlan.com/xvii-ker/elado+haz/ikerhaz/budapest+17+kerulet/28187696> (referer: https://ingatlan.com/lista/elado+haz+xvii-ker?page=2)
2018-12-04 14:39:55 [scrapy.core.scraper] DEBUG: Scraped from <200 https://ingatlan.com/xvii-ker/elado+haz/ikerhaz/budapest+17+kerulet/28187696>
{'akadalymentesitett': None,
 'alapterulet': 140,
 'belmagassag': None,
 'cim': u'Budapest 17. ker\xfclet\n(R\xe1koscsaba) ',
 'emelet': None,
 'energia_tanusitvany': None,
 'epites_eve': None,
 'epites_tipus': u'ikerh\xe1z',
 'epulet_szintjei': 2,
 'erkely': None,
 'furdo_es_wc': None,
 'futes': u'g\xe1zkaz\xe1n',
 'hirdetes_tipus': u'Elad\xf3',
 'id': 28187696,
 'ingatlan_allapota': u'\xfajszer\u0171',
 'ingatlan_tipus': u'ikerh\xe1z',
 'kertkapcsolatos': None,
 'kilatas': None,
 'komfort': u'duplakomfortos',
 'legkondicionalo': None,
 'lift': None,
 'panelprogram': None,
 'parkolas': None,
 'parkolohely_ara': None,
 'rezsikoltseg': None,
 'szobak_egesz': 4,
 'szobak_fel': 0,
 'tajolas': None,
 'telekterulet': 321,
 'tetoter': None}
2018-12-04 14:39:57 [scrapy.core.engine] DEBUG: Crawled (200) <GET https://ingatlan.com/xvii-ker/elado+haz/csaladi-haz/budapest+17+kerulet/28058993> (referer: https://ingatlan.com/lista/elado+haz+xvii-ker?page=2)
2018-12-04 14:39:57 [scrapy.core.scraper] DEBUG: Scraped from <200 https://ingatlan.com/xvii-ker/elado+haz/csaladi-haz/budapest+17+kerulet/28058993>
{'akadalymentesitett': False,
 'alapterulet': 100,
 'belmagassag': None,
 'cim': u'Budapest 17. ker\xfclet\n(R\xe1koscsaba) ',
 'emelet': None,
 'energia_tanusitvany': None,
 'epites_eve': u'2001-2010',
 'epites_tipus': u'csal\xe1di',
 'epulet_szintjei': 1,
 'erkely': None,
 'furdo_es_wc': u'k\xfcl\xf6n \xe9s egyben is',
 'futes': u'g\xe1z (cirko)',
 'hirdetes_tipus': u'Elad\xf3',
 'id': 28058993,
 'ingatlan_allapota': u'j\xf3 \xe1llapot\xfa',
 'ingatlan_tipus': u'h\xe1z',
 'kertkapcsolatos': None,
 'kilatas': None,
 'komfort': u'duplakomfortos',
 'legkondicionalo': False,
 'lift': None,
 'panelprogram': None,
 'parkolas': None,
 'parkolohely_ara': None,
 'rezsikoltseg': None,
 'szobak_egesz': 2,
 'szobak_fel': 4,
 'tajolas': None,
 'telekterulet': 729,
 'tetoter': None}
2018-12-04 14:40:01 [scrapy.core.engine] DEBUG: Crawled (200) <GET https://ingatlan.com/xvii-ker/elado+haz/sorhaz/budapest+17+kerulet/28213478> (referer: https://ingatlan.com/lista/elado+haz+xvii-ker?page=2)
2018-12-04 14:40:02 [scrapy.core.scraper] DEBUG: Scraped from <200 https://ingatlan.com/xvii-ker/elado+haz/sorhaz/budapest+17+kerulet/28213478>
{'akadalymentesitett': None,
 'alapterulet': 98,
 'belmagassag': None,
 'cim': u'Budapest 17. ker\xfclet\n(R\xe1koshegy) ',
 'emelet': None,
 'energia_tanusitvany': None,
 'epites_eve': 2018,
 'epites_tipus': u'sorh\xe1z',
 'epulet_szintjei': 2,
 'erkely': None,
 'furdo_es_wc': u'k\xfcl\xf6n \xe9s egyben is',
 'futes': u'g\xe1z (cirko)',
 'hirdetes_tipus': u'Elad\xf3',
 'id': 28213478,
 'ingatlan_allapota': u'\xfaj \xe9p\xedt\xe9s\u0171',
 'ingatlan_tipus': u'sorh\xe1z',
 'kertkapcsolatos': None,
 'kilatas': None,
 'komfort': None,
 'legkondicionalo': None,
 'lift': None,
 'panelprogram': None,
 'parkolas': None,
 'parkolohely_ara': None,
 'rezsikoltseg': None,
 'szobak_egesz': 4,
 'szobak_fel': 0,
 'tajolas': None,
 'telekterulet': 211,
 'tetoter': None}
2018-12-04 14:40:04 [scrapy.core.engine] DEBUG: Crawled (200) <GET https://ingatlan.com/xvii-ker/elado+haz/ikerhaz/budapest+17+kerulet/28187693> (referer: https://ingatlan.com/lista/elado+haz+xvii-ker?page=2)
2018-12-04 14:40:04 [scrapy.core.scraper] DEBUG: Scraped from <200 https://ingatlan.com/xvii-ker/elado+haz/ikerhaz/budapest+17+kerulet/28187693>
{'akadalymentesitett': None,
 'alapterulet': 124,
 'belmagassag': None,
 'cim': u'Budapest 17. ker\xfclet\n(R\xe1koscsaba) ',
 'emelet': None,
 'energia_tanusitvany': None,
 'epites_eve': None,
 'epites_tipus': u'ikerh\xe1z',
 'epulet_szintjei': 2,
 'erkely': None,
 'furdo_es_wc': None,
 'futes': u'g\xe1zkaz\xe1n',
 'hirdetes_tipus': u'Elad\xf3',
 'id': 28187693,
 'ingatlan_allapota': u'\xfajszer\u0171',
 'ingatlan_tipus': u'ikerh\xe1z',
 'kertkapcsolatos': None,
 'kilatas': None,
 'komfort': u'duplakomfortos',
 'legkondicionalo': None,
 'lift': None,
 'panelprogram': None,
 'parkolas': None,
 'parkolohely_ara': None,
 'rezsikoltseg': None,
 'szobak_egesz': 3,
 'szobak_fel': 2,
 'tajolas': None,
 'telekterulet': 680,
 'tetoter': None}
2018-12-04 14:40:06 [scrapy.core.engine] DEBUG: Crawled (200) <GET https://ingatlan.com/xvii-ker/elado+haz/csaladi-haz/budapest+17+kerulet/28143116> (referer: https://ingatlan.com/lista/elado+haz+xvii-ker?page=2)
2018-12-04 14:40:07 [scrapy.core.scraper] DEBUG: Scraped from <200 https://ingatlan.com/xvii-ker/elado+haz/csaladi-haz/budapest+17+kerulet/28143116>
{'akadalymentesitett': None,
 'alapterulet': 126,
 'belmagassag': None,
 'cim': u'Budapest 17. ker\xfclet\n(R\xe1koskereszt\xfar) ',
 'emelet': None,
 'energia_tanusitvany': None,
 'epites_eve': 2019,
 'epites_tipus': u'csal\xe1di',
 'epulet_szintjei': 2,
 'erkely': None,
 'furdo_es_wc': u'k\xfcl\xf6n \xe9s egyben is',
 'futes': u'g\xe1z (cirko)',
 'hirdetes_tipus': u'Elad\xf3',
 'id': 28143116,
 'ingatlan_allapota': None,
 'ingatlan_tipus': u'h\xe1z',
 'kertkapcsolatos': None,
 'kilatas': None,
 'komfort': u'duplakomfortos',
 'legkondicionalo': None,
 'lift': None,
 'panelprogram': None,
 'parkolas': None,
 'parkolohely_ara': None,
 'rezsikoltseg': None,
 'szobak_egesz': 5,
 'szobak_fel': 0,
 'tajolas': None,
 'telekterulet': 1,
 'tetoter': None}
2018-12-04 14:40:11 [scrapy.core.engine] DEBUG: Crawled (200) <GET https://ingatlan.com/xvii-ker/elado+haz/csaladi-haz/budapest+17+kerulet+szabadsag+sugarut/28239107> (referer: https://ingatlan.com/lista/elado+haz+xvii-ker?page=2)
2018-12-04 14:40:11 [scrapy.core.scraper] DEBUG: Scraped from <200 https://ingatlan.com/xvii-ker/elado+haz/csaladi-haz/budapest+17+kerulet+szabadsag+sugarut/28239107>
{'akadalymentesitett': False,
 'alapterulet': 183,
 'belmagassag': None,
 'cim': u'Budapest 17. ker\xfclet\n(R\xe1koscsaba), Szabads\xe1g sug\xe1r\xfat ',
 'emelet': None,
 'energia_tanusitvany': None,
 'epites_eve': u'1981-2000',
 'epites_tipus': u'csal\xe1di',
 'epulet_szintjei': 3,
 'erkely': None,
 'furdo_es_wc': u'k\xfcl\xf6n \xe9s egyben is',
 'futes': u'g\xe1z (cirko)',
 'hirdetes_tipus': u'Elad\xf3',
 'id': 28239107,
 'ingatlan_allapota': u'j\xf3 \xe1llapot\xfa',
 'ingatlan_tipus': u'h\xe1z',
 'kertkapcsolatos': None,
 'kilatas': None,
 'komfort': u'duplakomfortos',
 'legkondicionalo': True,
 'lift': None,
 'panelprogram': None,
 'parkolas': None,
 'parkolohely_ara': None,
 'rezsikoltseg': None,
 'szobak_egesz': 5,
 'szobak_fel': 0,
 'tajolas': None,
 'telekterulet': 589,
 'tetoter': None}
2018-12-04 14:40:12 [scrapy.crawler] INFO: Received SIGINT, shutting down gracefully. Send again to force 
2018-12-04 14:40:12 [scrapy.core.engine] INFO: Closing spider (shutdown)
2018-12-04 14:40:13 [scrapy.crawler] INFO: Received SIGINT twice, forcing unclean shutdown
